Analysis & Synthesis report for CLOCK
Wed Jul 06 21:06:02 2022
Quartus Prime Version 18.1.0 Build 625 09/12/2018 SJ Lite Edition


---------------------
; Table of Contents ;
---------------------
  1. Legal Notice
  2. Analysis & Synthesis Summary
  3. Analysis & Synthesis Settings
  4. Parallel Compilation
  5. Analysis & Synthesis Source Files Read
  6. Analysis & Synthesis Resource Usage Summary
  7. Analysis & Synthesis Resource Utilization by Entity
  8. Logic Cells Representing Combinational Loops
  9. Registers Removed During Synthesis
 10. General Register Statistics
 11. Multiplexer Restructuring Statistics (Restructuring Performed)
 12. Port Connectivity Checks: "BCD:hr_bcd_conversion"
 13. Post-Synthesis Netlist Statistics for Top Partition
 14. Elapsed Time Per Partition
 15. Analysis & Synthesis Messages



----------------
; Legal Notice ;
----------------
Copyright (C) 2018  Intel Corporation. All rights reserved.
Your use of Intel Corporation's design tools, logic functions 
and other software and tools, and its AMPP partner logic 
functions, and any output files from any of the foregoing 
(including device programming or simulation files), and any 
associated documentation or information are expressly subject 
to the terms and conditions of the Intel Program License 
Subscription Agreement, the Intel Quartus Prime License Agreement,
the Intel FPGA IP License Agreement, or other applicable license
agreement, including, without limitation, that your use is for
the sole purpose of programming logic devices manufactured by
Intel and sold by Intel or its authorized distributors.  Please
refer to the applicable agreement for further details.



+-------------------------------------------------------------------------------+
; Analysis & Synthesis Summary                                                  ;
+---------------------------------+---------------------------------------------+
; Analysis & Synthesis Status     ; Successful - Wed Jul 06 21:06:02 2022       ;
; Quartus Prime Version           ; 18.1.0 Build 625 09/12/2018 SJ Lite Edition ;
; Revision Name                   ; CLOCK                                       ;
; Top-level Entity Name           ; clock_top                                   ;
; Family                          ; Cyclone V                                   ;
; Logic utilization (in ALMs)     ; N/A                                         ;
; Total registers                 ; 49                                          ;
; Total pins                      ; 67                                          ;
; Total virtual pins              ; 0                                           ;
; Total block memory bits         ; 0                                           ;
; Total DSP Blocks                ; 0                                           ;
; Total HSSI RX PCSs              ; 0                                           ;
; Total HSSI PMA RX Deserializers ; 0                                           ;
; Total HSSI TX PCSs              ; 0                                           ;
; Total HSSI PMA TX Serializers   ; 0                                           ;
; Total PLLs                      ; 0                                           ;
; Total DLLs                      ; 0                                           ;
+---------------------------------+---------------------------------------------+


+---------------------------------------------------------------------------------------------------------------------------+
; Analysis & Synthesis Settings                                                                                             ;
+---------------------------------------------------------------------------------+--------------------+--------------------+
; Option                                                                          ; Setting            ; Default Value      ;
+---------------------------------------------------------------------------------+--------------------+--------------------+
; Device                                                                          ; 5CSEMA5F31C6       ;                    ;
; Top-level entity name                                                           ; clock_top          ; CLOCK              ;
; Family name                                                                     ; Cyclone V          ; Cyclone V          ;
; Use smart compilation                                                           ; Off                ; Off                ;
; Enable parallel Assembler and Timing Analyzer during compilation                ; On                 ; On                 ;
; Enable compact report table                                                     ; Off                ; Off                ;
; Restructure Multiplexers                                                        ; Auto               ; Auto               ;
; MLAB Add Timing Constraints For Mixed-Port Feed-Through Mode Setting Don't Care ; Off                ; Off                ;
; Create Debugging Nodes for IP Cores                                             ; Off                ; Off                ;
; Preserve fewer node names                                                       ; On                 ; On                 ;
; Intel FPGA IP Evaluation Mode                                                   ; Enable             ; Enable             ;
; Verilog Version                                                                 ; Verilog_2001       ; Verilog_2001       ;
; VHDL Version                                                                    ; VHDL_1993          ; VHDL_1993          ;
; State Machine Processing                                                        ; Auto               ; Auto               ;
; Safe State Machine                                                              ; Off                ; Off                ;
; Extract Verilog State Machines                                                  ; On                 ; On                 ;
; Extract VHDL State Machines                                                     ; On                 ; On                 ;
; Ignore Verilog initial constructs                                               ; Off                ; Off                ;
; Iteration limit for constant Verilog loops                                      ; 5000               ; 5000               ;
; Iteration limit for non-constant Verilog loops                                  ; 250                ; 250                ;
; Add Pass-Through Logic to Inferred RAMs                                         ; On                 ; On                 ;
; Infer RAMs from Raw Logic                                                       ; On                 ; On                 ;
; Parallel Synthesis                                                              ; On                 ; On                 ;
; DSP Block Balancing                                                             ; Auto               ; Auto               ;
; NOT Gate Push-Back                                                              ; On                 ; On                 ;
; Power-Up Don't Care                                                             ; On                 ; On                 ;
; Remove Redundant Logic Cells                                                    ; Off                ; Off                ;
; Remove Duplicate Registers                                                      ; On                 ; On                 ;
; Ignore CARRY Buffers                                                            ; Off                ; Off                ;
; Ignore CASCADE Buffers                                                          ; Off                ; Off                ;
; Ignore GLOBAL Buffers                                                           ; Off                ; Off                ;
; Ignore ROW GLOBAL Buffers                                                       ; Off                ; Off                ;
; Ignore LCELL Buffers                                                            ; Off                ; Off                ;
; Ignore SOFT Buffers                                                             ; On                 ; On                 ;
; Limit AHDL Integers to 32 Bits                                                  ; Off                ; Off                ;
; Optimization Technique                                                          ; Balanced           ; Balanced           ;
; Carry Chain Length                                                              ; 70                 ; 70                 ;
; Auto Carry Chains                                                               ; On                 ; On                 ;
; Auto Open-Drain Pins                                                            ; On                 ; On                 ;
; Perform WYSIWYG Primitive Resynthesis                                           ; Off                ; Off                ;
; Auto ROM Replacement                                                            ; On                 ; On                 ;
; Auto RAM Replacement                                                            ; On                 ; On                 ;
; Auto DSP Block Replacement                                                      ; On                 ; On                 ;
; Auto Shift Register Replacement                                                 ; Auto               ; Auto               ;
; Allow Shift Register Merging across Hierarchies                                 ; Auto               ; Auto               ;
; Auto Clock Enable Replacement                                                   ; On                 ; On                 ;
; Strict RAM Replacement                                                          ; Off                ; Off                ;
; Allow Synchronous Control Signals                                               ; On                 ; On                 ;
; Force Use of Synchronous Clear Signals                                          ; Off                ; Off                ;
; Auto Resource Sharing                                                           ; Off                ; Off                ;
; Allow Any RAM Size For Recognition                                              ; Off                ; Off                ;
; Allow Any ROM Size For Recognition                                              ; Off                ; Off                ;
; Allow Any Shift Register Size For Recognition                                   ; Off                ; Off                ;
; Use LogicLock Constraints during Resource Balancing                             ; On                 ; On                 ;
; Ignore translate_off and synthesis_off directives                               ; Off                ; Off                ;
; Timing-Driven Synthesis                                                         ; On                 ; On                 ;
; Report Parameter Settings                                                       ; On                 ; On                 ;
; Report Source Assignments                                                       ; On                 ; On                 ;
; Report Connectivity Checks                                                      ; On                 ; On                 ;
; Ignore Maximum Fan-Out Assignments                                              ; Off                ; Off                ;
; Synchronization Register Chain Length                                           ; 3                  ; 3                  ;
; Power Optimization During Synthesis                                             ; Normal compilation ; Normal compilation ;
; HDL message level                                                               ; Level2             ; Level2             ;
; Suppress Register Optimization Related Messages                                 ; Off                ; Off                ;
; Number of Removed Registers Reported in Synthesis Report                        ; 5000               ; 5000               ;
; Number of Swept Nodes Reported in Synthesis Report                              ; 5000               ; 5000               ;
; Number of Inverted Registers Reported in Synthesis Report                       ; 100                ; 100                ;
; Clock MUX Protection                                                            ; On                 ; On                 ;
; Auto Gated Clock Conversion                                                     ; Off                ; Off                ;
; Block Design Naming                                                             ; Auto               ; Auto               ;
; SDC constraint protection                                                       ; Off                ; Off                ;
; Synthesis Effort                                                                ; Auto               ; Auto               ;
; Shift Register Replacement - Allow Asynchronous Clear Signal                    ; On                 ; On                 ;
; Pre-Mapping Resynthesis Optimization                                            ; Off                ; Off                ;
; Analysis & Synthesis Message Level                                              ; Medium             ; Medium             ;
; Disable Register Merging Across Hierarchies                                     ; Auto               ; Auto               ;
; Resource Aware Inference For Block RAM                                          ; On                 ; On                 ;
; Automatic Parallel Synthesis                                                    ; On                 ; On                 ;
; Partial Reconfiguration Bitstream ID                                            ; Off                ; Off                ;
+---------------------------------------------------------------------------------+--------------------+--------------------+


+------------------------------------------+
; Parallel Compilation                     ;
+----------------------------+-------------+
; Processors                 ; Number      ;
+----------------------------+-------------+
; Number detected on machine ; 8           ;
; Maximum allowed            ; 4           ;
;                            ;             ;
; Average used               ; 1.00        ;
; Maximum used               ; 4           ;
;                            ;             ;
; Usage by Processor         ; % Time Used ;
;     Processor 1            ; 100.0%      ;
;     Processors 2-4         ;   0.0%      ;
+----------------------------+-------------+


+-----------------------------------------------------------------------------------------------------------------------------------------------------------------------------+
; Analysis & Synthesis Source Files Read                                                                                                                                      ;
+----------------------------------+-----------------+------------------------------------+-------------------------------------------------------------------------+---------+
; File Name with User-Entered Path ; Used in Netlist ; File Type                          ; File Name with Absolute Path                                            ; Library ;
+----------------------------------+-----------------+------------------------------------+-------------------------------------------------------------------------+---------+
; ../clock_top.sv                  ; yes             ; User SystemVerilog HDL File        ; C:/Users/Adins Spectre/OneDrive/Documents/verilog_projects/clock_top.sv ;         ;
; ../CLOCK.sv                      ; yes             ; Auto-Found SystemVerilog HDL File  ; C:/Users/Adins Spectre/OneDrive/Documents/verilog_projects/CLOCK.sv     ;         ;
; ../card7seg.sv                   ; yes             ; Auto-Found SystemVerilog HDL File  ; C:/Users/Adins Spectre/OneDrive/Documents/verilog_projects/card7seg.sv  ;         ;
; ../BCD.sv                        ; yes             ; Auto-Found SystemVerilog HDL File  ; C:/Users/Adins Spectre/OneDrive/Documents/verilog_projects/BCD.sv       ;         ;
+----------------------------------+-----------------+------------------------------------+-------------------------------------------------------------------------+---------+


+--------------------------------------------------------------+
; Analysis & Synthesis Resource Usage Summary                  ;
+---------------------------------------------+----------------+
; Resource                                    ; Usage          ;
+---------------------------------------------+----------------+
; Estimate of Logic utilization (ALMs needed) ; 90             ;
;                                             ;                ;
; Combinational ALUT usage for logic          ; 147            ;
;     -- 7 input functions                    ; 6              ;
;     -- 6 input functions                    ; 26             ;
;     -- 5 input functions                    ; 28             ;
;     -- 4 input functions                    ; 45             ;
;     -- <=3 input functions                  ; 42             ;
;                                             ;                ;
; Dedicated logic registers                   ; 49             ;
;                                             ;                ;
; I/O pins                                    ; 67             ;
;                                             ;                ;
; Total DSP Blocks                            ; 0              ;
;                                             ;                ;
; Maximum fan-out node                        ; CLOCK_50~input ;
; Maximum fan-out                             ; 43             ;
; Total fan-out                               ; 866            ;
; Average fan-out                             ; 2.62           ;
+---------------------------------------------+----------------+


+-------------------------------------------------------------------------------------------------------------------------------------------------------------------------------------------------------------------------------------+
; Analysis & Synthesis Resource Utilization by Entity                                                                                                                                                                                 ;
+-------------------------------------+---------------------+---------------------------+-------------------+------------+------+--------------+---------------------------------------------------------+-------------+--------------+
; Compilation Hierarchy Node          ; Combinational ALUTs ; Dedicated Logic Registers ; Block Memory Bits ; DSP Blocks ; Pins ; Virtual Pins ; Full Hierarchy Name                                     ; Entity Name ; Library Name ;
+-------------------------------------+---------------------+---------------------------+-------------------+------------+------+--------------+---------------------------------------------------------+-------------+--------------+
; |clock_top                          ; 147 (0)             ; 49 (0)                    ; 0                 ; 0          ; 67   ; 0            ; |clock_top                                              ; clock_top   ; work         ;
;    |BCD:hr_bcd_conversion|          ; 5 (5)               ; 0 (0)                     ; 0                 ; 0          ; 0    ; 0            ; |clock_top|BCD:hr_bcd_conversion                        ; BCD         ; work         ;
;    |BCD:min_bcd_conversion|         ; 3 (3)               ; 0 (0)                     ; 0                 ; 0          ; 0    ; 0            ; |clock_top|BCD:min_bcd_conversion                       ; BCD         ; work         ;
;    |BCD:sec_bcd_conversion|         ; 3 (3)               ; 0 (0)                     ; 0                 ; 0          ; 0    ; 0            ; |clock_top|BCD:sec_bcd_conversion                       ; BCD         ; work         ;
;    |CLOCK:clk_module|               ; 100 (94)            ; 49 (49)                   ; 0                 ; 0          ; 0    ; 0            ; |clock_top|CLOCK:clk_module                             ; CLOCK       ; work         ;
;       |sec_inc_clk:increase_second| ; 6 (6)               ; 0 (0)                     ; 0                 ; 0          ; 0    ; 0            ; |clock_top|CLOCK:clk_module|sec_inc_clk:increase_second ; sec_inc_clk ; work         ;
;    |card7seg:hr_1|                  ; 7 (7)               ; 0 (0)                     ; 0                 ; 0          ; 0    ; 0            ; |clock_top|card7seg:hr_1                                ; card7seg    ; work         ;
;    |card7seg:hr_2|                  ; 3 (3)               ; 0 (0)                     ; 0                 ; 0          ; 0    ; 0            ; |clock_top|card7seg:hr_2                                ; card7seg    ; work         ;
;    |card7seg:min_1|                 ; 7 (7)               ; 0 (0)                     ; 0                 ; 0          ; 0    ; 0            ; |clock_top|card7seg:min_1                               ; card7seg    ; work         ;
;    |card7seg:min_2|                 ; 6 (6)               ; 0 (0)                     ; 0                 ; 0          ; 0    ; 0            ; |clock_top|card7seg:min_2                               ; card7seg    ; work         ;
;    |card7seg:sec_1|                 ; 7 (7)               ; 0 (0)                     ; 0                 ; 0          ; 0    ; 0            ; |clock_top|card7seg:sec_1                               ; card7seg    ; work         ;
;    |card7seg:sec_2|                 ; 6 (6)               ; 0 (0)                     ; 0                 ; 0          ; 0    ; 0            ; |clock_top|card7seg:sec_2                               ; card7seg    ; work         ;
+-------------------------------------+---------------------+---------------------------+-------------------+------------+------+--------------+---------------------------------------------------------+-------------+--------------+
Note: For table entries with two numbers listed, the numbers in parentheses indicate the number of resources of the given type used by the specific entity alone. The numbers listed outside of parentheses indicate the total resources of the given type used by the specific entity and all of its sub-entities in the hierarchy.


+------------------------------------------------------------+
; Logic Cells Representing Combinational Loops               ;
+--------------------------------------------------------+---+
; Logic Cell Name                                        ;   ;
+--------------------------------------------------------+---+
; CLOCK:clk_module|next_add_min~6                        ;   ;
; CLOCK:clk_module|next_add_min~7                        ;   ;
; CLOCK:clk_module|next_add_min~8                        ;   ;
; CLOCK:clk_module|next_add_min~9                        ;   ;
; CLOCK:clk_module|next_add_min~10                       ;   ;
; CLOCK:clk_module|LessThan1~0                           ;   ;
; CLOCK:clk_module|LessThan1~1                           ;   ;
; Number of logic cells representing combinational loops ; 7 ;
+--------------------------------------------------------+---+
Note: All cells listed above may not be present at the end of synthesis due to various synthesis optimizations.


+---------------------------------------------------------------------------------+
; Registers Removed During Synthesis                                              ;
+----------------------------------------+----------------------------------------+
; Register name                          ; Reason for Removal                     ;
+----------------------------------------+----------------------------------------+
; CLOCK:clk_module|state[2..31]          ; Stuck at GND due to stuck port data_in ;
; CLOCK:clk_module|state[1]              ; Merged with CLOCK:clk_module|state[0]  ;
; Total Number of Removed Registers = 31 ;                                        ;
+----------------------------------------+----------------------------------------+


+------------------------------------------------------+
; General Register Statistics                          ;
+----------------------------------------------+-------+
; Statistic                                    ; Value ;
+----------------------------------------------+-------+
; Total registers                              ; 49    ;
; Number of registers using Synchronous Clear  ; 26    ;
; Number of registers using Synchronous Load   ; 0     ;
; Number of registers using Asynchronous Clear ; 5     ;
; Number of registers using Asynchronous Load  ; 0     ;
; Number of registers using Clock Enable       ; 17    ;
; Number of registers using Preset             ; 0     ;
+----------------------------------------------+-------+


+------------------------------------------------------------------------------------------------------------------------------------------------------+
; Multiplexer Restructuring Statistics (Restructuring Performed)                                                                                       ;
+--------------------+-----------+---------------+----------------------+------------------------+------------+----------------------------------------+
; Multiplexer Inputs ; Bus Width ; Baseline Area ; Area if Restructured ; Saving if Restructured ; Registered ; Example Multiplexer Output             ;
+--------------------+-----------+---------------+----------------------+------------------------+------------+----------------------------------------+
; 3:1                ; 26 bits   ; 52 LEs        ; 0 LEs                ; 52 LEs                 ; Yes        ; |clock_top|CLOCK:clk_module|counter[0] ;
; 4:1                ; 6 bits    ; 12 LEs        ; 12 LEs               ; 0 LEs                  ; Yes        ; |clock_top|CLOCK:clk_module|sec[2]     ;
; 5:1                ; 6 bits    ; 18 LEs        ; 12 LEs               ; 6 LEs                  ; Yes        ; |clock_top|CLOCK:clk_module|min[0]     ;
; 5:1                ; 5 bits    ; 15 LEs        ; 10 LEs               ; 5 LEs                  ; Yes        ; |clock_top|CLOCK:clk_module|hr[2]      ;
; 3:1                ; 2 bits    ; 4 LEs         ; 4 LEs                ; 0 LEs                  ; No         ; |clock_top|CLOCK:clk_module|Selector12 ;
+--------------------+-----------+---------------+----------------------+------------------------+------------+----------------------------------------+


+---------------------------------------------------+
; Port Connectivity Checks: "BCD:hr_bcd_conversion" ;
+-------+-------+----------+------------------------+
; Port  ; Type  ; Severity ; Details                ;
+-------+-------+----------+------------------------+
; in[5] ; Input ; Info     ; Stuck at GND           ;
+-------+-------+----------+------------------------+


+-----------------------------------------------------+
; Post-Synthesis Netlist Statistics for Top Partition ;
+-----------------------+-----------------------------+
; Type                  ; Count                       ;
+-----------------------+-----------------------------+
; arriav_ff             ; 49                          ;
;     CLR               ; 5                           ;
;     ENA               ; 17                          ;
;     SCLR              ; 26                          ;
;     plain             ; 1                           ;
; arriav_lcell_comb     ; 157                         ;
;     arith             ; 26                          ;
;         1 data inputs ; 26                          ;
;     extend            ; 6                           ;
;         7 data inputs ; 6                           ;
;     normal            ; 125                         ;
;         0 data inputs ; 1                           ;
;         1 data inputs ; 10                          ;
;         2 data inputs ; 3                           ;
;         3 data inputs ; 12                          ;
;         4 data inputs ; 45                          ;
;         5 data inputs ; 28                          ;
;         6 data inputs ; 26                          ;
; boundary_port         ; 67                          ;
;                       ;                             ;
; Max LUT depth         ; 4.00                        ;
; Average LUT depth     ; 2.63                        ;
+-----------------------+-----------------------------+


+-------------------------------+
; Elapsed Time Per Partition    ;
+----------------+--------------+
; Partition Name ; Elapsed Time ;
+----------------+--------------+
; Top            ; 00:00:01     ;
+----------------+--------------+


+-------------------------------+
; Analysis & Synthesis Messages ;
+-------------------------------+
Info: *******************************************************************
Info: Running Quartus Prime Analysis & Synthesis
    Info: Version 18.1.0 Build 625 09/12/2018 SJ Lite Edition
    Info: Processing started: Wed Jul 06 21:05:47 2022
Info: Command: quartus_map --read_settings_files=on --write_settings_files=off CLOCK -c CLOCK
Warning (18236): Number of processors has not been specified which may cause overloading on shared machines.  Set the global assignment NUM_PARALLEL_PROCESSORS in your QSF to an appropriate value for best performance.
Info (20030): Parallel compilation is enabled and will use 4 of the 4 processors detected
Warning (10229): Verilog HDL Expression warning at CLOCK.sv(20): truncated literal to match 4 bits File: C:/Users/Adins Spectre/OneDrive/Documents/verilog_projects/CLOCK.sv Line: 20
Info (12021): Found 5 design units, including 5 entities, in source file /users/adins spectre/onedrive/documents/verilog_projects/clock_top.sv
    Info (12023): Found entity 1: sec_inc_clk File: C:/Users/Adins Spectre/OneDrive/Documents/verilog_projects/CLOCK.sv Line: 6
    Info (12023): Found entity 2: CLOCK File: C:/Users/Adins Spectre/OneDrive/Documents/verilog_projects/CLOCK.sv Line: 31
    Info (12023): Found entity 3: card7seg File: C:/Users/Adins Spectre/OneDrive/Documents/verilog_projects/card7seg.sv Line: 37
    Info (12023): Found entity 4: BCD File: C:/Users/Adins Spectre/OneDrive/Documents/verilog_projects/BCD.sv Line: 3
    Info (12023): Found entity 5: clock_top File: C:/Users/Adins Spectre/OneDrive/Documents/verilog_projects/clock_top.sv Line: 7
Warning (10236): Verilog HDL Implicit Net warning at CLOCK.sv(51): created implicit net for "set_AMPM" File: C:/Users/Adins Spectre/OneDrive/Documents/verilog_projects/CLOCK.sv Line: 51
Info (12127): Elaborating entity "clock_top" for the top level hierarchy
Warning (10034): Output port "LEDR" at clock_top.sv(8) has no driver File: C:/Users/Adins Spectre/OneDrive/Documents/verilog_projects/clock_top.sv Line: 8
Info (12128): Elaborating entity "CLOCK" for hierarchy "CLOCK:clk_module" File: C:/Users/Adins Spectre/OneDrive/Documents/verilog_projects/clock_top.sv Line: 17
Warning (10230): Verilog HDL assignment warning at CLOCK.sv(81): truncated value with size 44 to match size of target (43) File: C:/Users/Adins Spectre/OneDrive/Documents/verilog_projects/CLOCK.sv Line: 81
Critical Warning (10237): Verilog HDL warning at CLOCK.sv(90): can't infer register for assignment in edge-triggered always construct because the clock isn't obvious. Generated combinational logic instead File: C:/Users/Adins Spectre/OneDrive/Documents/verilog_projects/CLOCK.sv Line: 90
Warning (10230): Verilog HDL assignment warning at CLOCK.sv(102): truncated value with size 12 to match size of target (11) File: C:/Users/Adins Spectre/OneDrive/Documents/verilog_projects/CLOCK.sv Line: 102
Warning (10230): Verilog HDL assignment warning at CLOCK.sv(104): truncated value with size 32 to match size of target (6) File: C:/Users/Adins Spectre/OneDrive/Documents/verilog_projects/CLOCK.sv Line: 104
Warning (10230): Verilog HDL assignment warning at CLOCK.sv(105): truncated value with size 32 to match size of target (5) File: C:/Users/Adins Spectre/OneDrive/Documents/verilog_projects/CLOCK.sv Line: 105
Info (12128): Elaborating entity "sec_inc_clk" for hierarchy "CLOCK:clk_module|sec_inc_clk:increase_second" File: C:/Users/Adins Spectre/OneDrive/Documents/verilog_projects/CLOCK.sv Line: 51
Info (12128): Elaborating entity "BCD" for hierarchy "BCD:sec_bcd_conversion" File: C:/Users/Adins Spectre/OneDrive/Documents/verilog_projects/clock_top.sv Line: 21
Warning (10230): Verilog HDL assignment warning at BCD.sv(14): truncated value with size 32 to match size of target (4) File: C:/Users/Adins Spectre/OneDrive/Documents/verilog_projects/BCD.sv Line: 14
Info (12128): Elaborating entity "card7seg" for hierarchy "card7seg:sec_1" File: C:/Users/Adins Spectre/OneDrive/Documents/verilog_projects/clock_top.sv Line: 25
Warning (13004): Presettable and clearable registers converted to equivalent circuits with latches. Registers power-up to an undefined state, and DEVCLRn places the registers in an undefined state.
    Warning (13310): Register "CLOCK:clk_module|add_hr[0]" is converted into an equivalent circuit using register "CLOCK:clk_module|add_hr[0]~_emulated" and latch "CLOCK:clk_module|add_hr[0]~1" File: C:/Users/Adins Spectre/OneDrive/Documents/verilog_projects/CLOCK.sv Line: 95
    Warning (13310): Register "CLOCK:clk_module|add_hr[4]" is converted into an equivalent circuit using register "CLOCK:clk_module|add_hr[4]~_emulated" and latch "CLOCK:clk_module|add_hr[4]~5" File: C:/Users/Adins Spectre/OneDrive/Documents/verilog_projects/CLOCK.sv Line: 95
    Warning (13310): Register "CLOCK:clk_module|add_hr[3]" is converted into an equivalent circuit using register "CLOCK:clk_module|add_hr[3]~_emulated" and latch "CLOCK:clk_module|add_hr[3]~9" File: C:/Users/Adins Spectre/OneDrive/Documents/verilog_projects/CLOCK.sv Line: 95
    Warning (13310): Register "CLOCK:clk_module|add_hr[2]" is converted into an equivalent circuit using register "CLOCK:clk_module|add_hr[2]~_emulated" and latch "CLOCK:clk_module|add_hr[2]~13" File: C:/Users/Adins Spectre/OneDrive/Documents/verilog_projects/CLOCK.sv Line: 95
    Warning (13310): Register "CLOCK:clk_module|add_hr[1]" is converted into an equivalent circuit using register "CLOCK:clk_module|add_hr[1]~_emulated" and latch "CLOCK:clk_module|add_hr[1]~17" File: C:/Users/Adins Spectre/OneDrive/Documents/verilog_projects/CLOCK.sv Line: 95
Warning (13024): Output pins are stuck at VCC or GND
    Warning (13410): Pin "LEDR[0]" is stuck at GND File: C:/Users/Adins Spectre/OneDrive/Documents/verilog_projects/clock_top.sv Line: 8
    Warning (13410): Pin "LEDR[1]" is stuck at GND File: C:/Users/Adins Spectre/OneDrive/Documents/verilog_projects/clock_top.sv Line: 8
    Warning (13410): Pin "LEDR[2]" is stuck at GND File: C:/Users/Adins Spectre/OneDrive/Documents/verilog_projects/clock_top.sv Line: 8
    Warning (13410): Pin "LEDR[3]" is stuck at GND File: C:/Users/Adins Spectre/OneDrive/Documents/verilog_projects/clock_top.sv Line: 8
    Warning (13410): Pin "LEDR[4]" is stuck at GND File: C:/Users/Adins Spectre/OneDrive/Documents/verilog_projects/clock_top.sv Line: 8
    Warning (13410): Pin "LEDR[5]" is stuck at GND File: C:/Users/Adins Spectre/OneDrive/Documents/verilog_projects/clock_top.sv Line: 8
    Warning (13410): Pin "LEDR[6]" is stuck at GND File: C:/Users/Adins Spectre/OneDrive/Documents/verilog_projects/clock_top.sv Line: 8
    Warning (13410): Pin "LEDR[7]" is stuck at GND File: C:/Users/Adins Spectre/OneDrive/Documents/verilog_projects/clock_top.sv Line: 8
    Warning (13410): Pin "LEDR[8]" is stuck at GND File: C:/Users/Adins Spectre/OneDrive/Documents/verilog_projects/clock_top.sv Line: 8
    Warning (13410): Pin "LEDR[9]" is stuck at GND File: C:/Users/Adins Spectre/OneDrive/Documents/verilog_projects/clock_top.sv Line: 8
    Warning (13410): Pin "HEX5[1]" is stuck at GND File: C:/Users/Adins Spectre/OneDrive/Documents/verilog_projects/clock_top.sv Line: 10
Info (286030): Timing-Driven Synthesis is running
Info (16010): Generating hard_block partition "hard_block:auto_generated_inst"
    Info (16011): Adding 0 node(s), including 0 DDIO, 0 PLL, 0 transceiver and 0 LCELL
Warning (21074): Design contains 11 input pin(s) that do not drive logic
    Warning (15610): No output dependent on input pin "KEY[0]" File: C:/Users/Adins Spectre/OneDrive/Documents/verilog_projects/clock_top.sv Line: 7
    Warning (15610): No output dependent on input pin "SW[0]" File: C:/Users/Adins Spectre/OneDrive/Documents/verilog_projects/clock_top.sv Line: 8
    Warning (15610): No output dependent on input pin "SW[1]" File: C:/Users/Adins Spectre/OneDrive/Documents/verilog_projects/clock_top.sv Line: 8
    Warning (15610): No output dependent on input pin "SW[2]" File: C:/Users/Adins Spectre/OneDrive/Documents/verilog_projects/clock_top.sv Line: 8
    Warning (15610): No output dependent on input pin "SW[3]" File: C:/Users/Adins Spectre/OneDrive/Documents/verilog_projects/clock_top.sv Line: 8
    Warning (15610): No output dependent on input pin "SW[4]" File: C:/Users/Adins Spectre/OneDrive/Documents/verilog_projects/clock_top.sv Line: 8
    Warning (15610): No output dependent on input pin "SW[5]" File: C:/Users/Adins Spectre/OneDrive/Documents/verilog_projects/clock_top.sv Line: 8
    Warning (15610): No output dependent on input pin "SW[6]" File: C:/Users/Adins Spectre/OneDrive/Documents/verilog_projects/clock_top.sv Line: 8
    Warning (15610): No output dependent on input pin "SW[7]" File: C:/Users/Adins Spectre/OneDrive/Documents/verilog_projects/clock_top.sv Line: 8
    Warning (15610): No output dependent on input pin "SW[8]" File: C:/Users/Adins Spectre/OneDrive/Documents/verilog_projects/clock_top.sv Line: 8
    Warning (15610): No output dependent on input pin "SW[9]" File: C:/Users/Adins Spectre/OneDrive/Documents/verilog_projects/clock_top.sv Line: 8
Info (21057): Implemented 214 device resources after synthesis - the final resource count might be different
    Info (21058): Implemented 15 input pins
    Info (21059): Implemented 52 output pins
    Info (21061): Implemented 147 logic cells
Info: Quartus Prime Analysis & Synthesis was successful. 0 errors, 40 warnings
    Info: Peak virtual memory: 4832 megabytes
    Info: Processing ended: Wed Jul 06 21:06:02 2022
    Info: Elapsed time: 00:00:15
    Info: Total CPU time (on all processors): 00:00:28


